<?xml version="1.0" encoding="UTF-8"?>
<!-- Generated by org.testng.reporters.JUnitReportReporter -->
<testsuite skipped="0" hostname="DESKTOP-5TPI0ON" name="DevOPS.devOPS.VProfile_TestSuite" tests="2" failures="0" timestamp="16 Sep 2020 12:42:29 GMT" time="40.090" errors="0">
  <testcase name="logintest" time="17.562" classname="DevOPS.devOPS.VProfile_TestSuite"/>
  <testcase name="Homepageverification" time="22.528" classname="DevOPS.devOPS.VProfile_TestSuite"/>
</testsuite> <!-- DevOPS.devOPS.VProfile_TestSuite -->
